<?xml version="1.0" encoding="UTF-8"?>
<testsuite xmlns:xsi="http://www.w3.org/2001/XMLSchema-instance" xsi:noNamespaceSchemaLocation="https://maven.apache.org/surefire/maven-surefire-plugin/xsd/surefire-test-report-3.0.xsd" version="3.0" name="fi.tuni.prog3.weatherapp.WeatherTest" time="1.405" tests="26" errors="0" skipped="0" failures="0">
  <properties>
    <property name="java.specification.version" value="20"/>
    <property name="javafx.runtime.version" value="17.0.8+2"/>
    <property name="sun.cpu.isalist" value="amd64"/>
    <property name="sun.jnu.encoding" value="Cp1252"/>
    <property name="java.class.path" value="F:\Tampere\First\Java_final\group3158\WeatherApp\target\test-classes;C:\Users\Anisu\.m2\repository\org\openjfx\javafx-controls\17.0.8\javafx-controls-17.0.8.jar;C:\Users\Anisu\.m2\repository\org\openjfx\javafx-graphics\17.0.8\javafx-graphics-17.0.8.jar;C:\Users\Anisu\.m2\repository\org\openjfx\javafx-base\17.0.8\javafx-base-17.0.8.jar;C:\Users\Anisu\.m2\repository\org\openjfx\javafx-fxml\17.0.8\javafx-fxml-17.0.8.jar;C:\Users\Anisu\.m2\repository\junit\junit\4.10\junit-4.10.jar;C:\Users\Anisu\.m2\repository\org\hamcrest\hamcrest-core\1.1\hamcrest-core-1.1.jar;C:\Users\Anisu\.m2\repository\com\fasterxml\jackson\core\jackson-databind\2.13.0\jackson-databind-2.13.0.jar;C:\Users\Anisu\.m2\repository\com\fasterxml\jackson\core\jackson-annotations\2.13.0\jackson-annotations-2.13.0.jar;C:\Users\Anisu\.m2\repository\com\fasterxml\jackson\core\jackson-core\2.13.0\jackson-core-2.13.0.jar;C:\Users\Anisu\.m2\repository\org\junit\jupiter\junit-jupiter\5.9.2\junit-jupiter-5.9.2.jar;C:\Users\Anisu\.m2\repository\org\junit\jupiter\junit-jupiter-api\5.9.2\junit-jupiter-api-5.9.2.jar;C:\Users\Anisu\.m2\repository\org\opentest4j\opentest4j\1.2.0\opentest4j-1.2.0.jar;C:\Users\Anisu\.m2\repository\org\junit\platform\junit-platform-commons\1.9.2\junit-platform-commons-1.9.2.jar;C:\Users\Anisu\.m2\repository\org\apiguardian\apiguardian-api\1.1.2\apiguardian-api-1.1.2.jar;C:\Users\Anisu\.m2\repository\org\junit\jupiter\junit-jupiter-params\5.9.2\junit-jupiter-params-5.9.2.jar;C:\Users\Anisu\.m2\repository\org\junit\jupiter\junit-jupiter-engine\5.9.2\junit-jupiter-engine-5.9.2.jar;C:\Users\Anisu\.m2\repository\org\junit\platform\junit-platform-engine\1.9.2\junit-platform-engine-1.9.2.jar;"/>
    <property name="java.vm.vendor" value="Oracle Corporation"/>
    <property name="sun.arch.data.model" value="64"/>
    <property name="user.variant" value=""/>
    <property name="java.vendor.url" value="https://java.oracle.com/"/>
    <property name="user.timezone" value="Europe/Kiev"/>
    <property name="javafx.version" value="17.0.8"/>
    <property name="os.name" value="Windows 10"/>
    <property name="java.vm.specification.version" value="20"/>
    <property name="sun.java.launcher" value="SUN_STANDARD"/>
    <property name="user.country" value="US"/>
    <property name="sun.boot.library.path" value="C:\Program Files\Java\jdk-20\bin"/>
    <property name="sun.java.command" value="org.apache.maven.surefire.booter.ForkedBooter C:\Users\Anisu\AppData\Local\Temp\surefire7734048494558744718 2023-12-08T04-12-11_743-jvmRun1 surefire-20231208041212149_1tmp surefire_0-20231208041212149_2tmp"/>
    <property name="jdk.debug" value="release"/>
    <property name="surefire.test.class.path" value="F:\Tampere\First\Java_final\group3158\WeatherApp\target\test-classes;C:\Users\Anisu\.m2\repository\org\openjfx\javafx-controls\17.0.8\javafx-controls-17.0.8.jar;C:\Users\Anisu\.m2\repository\org\openjfx\javafx-graphics\17.0.8\javafx-graphics-17.0.8.jar;C:\Users\Anisu\.m2\repository\org\openjfx\javafx-base\17.0.8\javafx-base-17.0.8.jar;C:\Users\Anisu\.m2\repository\org\openjfx\javafx-fxml\17.0.8\javafx-fxml-17.0.8.jar;C:\Users\Anisu\.m2\repository\junit\junit\4.10\junit-4.10.jar;C:\Users\Anisu\.m2\repository\org\hamcrest\hamcrest-core\1.1\hamcrest-core-1.1.jar;C:\Users\Anisu\.m2\repository\com\fasterxml\jackson\core\jackson-databind\2.13.0\jackson-databind-2.13.0.jar;C:\Users\Anisu\.m2\repository\com\fasterxml\jackson\core\jackson-annotations\2.13.0\jackson-annotations-2.13.0.jar;C:\Users\Anisu\.m2\repository\com\fasterxml\jackson\core\jackson-core\2.13.0\jackson-core-2.13.0.jar;C:\Users\Anisu\.m2\repository\org\junit\jupiter\junit-jupiter\5.9.2\junit-jupiter-5.9.2.jar;C:\Users\Anisu\.m2\repository\org\junit\jupiter\junit-jupiter-api\5.9.2\junit-jupiter-api-5.9.2.jar;C:\Users\Anisu\.m2\repository\org\opentest4j\opentest4j\1.2.0\opentest4j-1.2.0.jar;C:\Users\Anisu\.m2\repository\org\junit\platform\junit-platform-commons\1.9.2\junit-platform-commons-1.9.2.jar;C:\Users\Anisu\.m2\repository\org\apiguardian\apiguardian-api\1.1.2\apiguardian-api-1.1.2.jar;C:\Users\Anisu\.m2\repository\org\junit\jupiter\junit-jupiter-params\5.9.2\junit-jupiter-params-5.9.2.jar;C:\Users\Anisu\.m2\repository\org\junit\jupiter\junit-jupiter-engine\5.9.2\junit-jupiter-engine-5.9.2.jar;C:\Users\Anisu\.m2\repository\org\junit\platform\junit-platform-engine\1.9.2\junit-platform-engine-1.9.2.jar;"/>
    <property name="sun.cpu.endian" value="little"/>
    <property name="user.home" value="C:\Users\Anisu"/>
    <property name="user.language" value="en"/>
    <property name="java.specification.vendor" value="Oracle Corporation"/>
    <property name="jdk.module.path" value="F:\Tampere\First\Java_final\group3158\WeatherApp\target\classes;C:\Users\Anisu\.m2\repository\org\openjfx\javafx-controls\17.0.8\javafx-controls-17.0.8-win.jar;C:\Users\Anisu\.m2\repository\org\openjfx\javafx-graphics\17.0.8\javafx-graphics-17.0.8-win.jar;C:\Users\Anisu\.m2\repository\org\openjfx\javafx-base\17.0.8\javafx-base-17.0.8-win.jar;C:\Users\Anisu\.m2\repository\org\openjfx\javafx-fxml\17.0.8\javafx-fxml-17.0.8-win.jar;C:\Users\Anisu\.m2\repository\com\google\code\gson\gson\2.9.0\gson-2.9.0.jar;C:\Users\Anisu\.m2\repository\com\googlecode\json-simple\json-simple\1.1.1\json-simple-1.1.1.jar;C:\Users\Anisu\.m2\repository\org\json\json\20210307\json-20210307.jar"/>
    <property name="java.version.date" value="2023-07-18"/>
    <property name="java.home" value="C:\Program Files\Java\jdk-20"/>
    <property name="file.separator" value="\"/>
    <property name="basedir" value="F:\Tampere\First\Java_final\group3158\WeatherApp"/>
    <property name="java.vm.compressedOopsMode" value="Zero based"/>
    <property name="line.separator" value="&#10;"/>
    <property name="java.vm.specification.vendor" value="Oracle Corporation"/>
    <property name="java.specification.name" value="Java Platform API Specification"/>
    <property name="surefire.real.class.path" value="C:\Users\Anisu\.m2\repository\org\apache\maven\surefire\surefire-booter\3.0.0\surefire-booter-3.0.0.jar;C:\Users\Anisu\.m2\repository\org\apache\maven\surefire\surefire-api\3.0.0\surefire-api-3.0.0.jar;C:\Users\Anisu\.m2\repository\org\apache\maven\surefire\surefire-extensions-spi\3.0.0\surefire-extensions-spi-3.0.0.jar;C:\Users\Anisu\.m2\repository\org\apache\maven\surefire\surefire-logger-api\3.0.0\surefire-logger-api-3.0.0.jar;C:\Users\Anisu\.m2\repository\org\apache\maven\surefire\surefire-shared-utils\3.0.0\surefire-shared-utils-3.0.0.jar;F:\Tampere\First\Java_final\group3158\WeatherApp\target\test-classes;C:\Users\Anisu\.m2\repository\org\openjfx\javafx-controls\17.0.8\javafx-controls-17.0.8.jar;C:\Users\Anisu\.m2\repository\org\openjfx\javafx-graphics\17.0.8\javafx-graphics-17.0.8.jar;C:\Users\Anisu\.m2\repository\org\openjfx\javafx-base\17.0.8\javafx-base-17.0.8.jar;C:\Users\Anisu\.m2\repository\org\openjfx\javafx-fxml\17.0.8\javafx-fxml-17.0.8.jar;C:\Users\Anisu\.m2\repository\junit\junit\4.10\junit-4.10.jar;C:\Users\Anisu\.m2\repository\org\hamcrest\hamcrest-core\1.1\hamcrest-core-1.1.jar;C:\Users\Anisu\.m2\repository\com\fasterxml\jackson\core\jackson-databind\2.13.0\jackson-databind-2.13.0.jar;C:\Users\Anisu\.m2\repository\com\fasterxml\jackson\core\jackson-annotations\2.13.0\jackson-annotations-2.13.0.jar;C:\Users\Anisu\.m2\repository\com\fasterxml\jackson\core\jackson-core\2.13.0\jackson-core-2.13.0.jar;C:\Users\Anisu\.m2\repository\org\junit\jupiter\junit-jupiter\5.9.2\junit-jupiter-5.9.2.jar;C:\Users\Anisu\.m2\repository\org\junit\jupiter\junit-jupiter-api\5.9.2\junit-jupiter-api-5.9.2.jar;C:\Users\Anisu\.m2\repository\org\opentest4j\opentest4j\1.2.0\opentest4j-1.2.0.jar;C:\Users\Anisu\.m2\repository\org\junit\platform\junit-platform-commons\1.9.2\junit-platform-commons-1.9.2.jar;C:\Users\Anisu\.m2\repository\org\apiguardian\apiguardian-api\1.1.2\apiguardian-api-1.1.2.jar;C:\Users\Anisu\.m2\repository\org\junit\jupiter\junit-jupiter-params\5.9.2\junit-jupiter-params-5.9.2.jar;C:\Users\Anisu\.m2\repository\org\junit\jupiter\junit-jupiter-engine\5.9.2\junit-jupiter-engine-5.9.2.jar;C:\Users\Anisu\.m2\repository\org\junit\platform\junit-platform-engine\1.9.2\junit-platform-engine-1.9.2.jar;C:\Users\Anisu\.m2\repository\org\apache\maven\surefire\surefire-junit-platform\3.0.0\surefire-junit-platform-3.0.0.jar;C:\Users\Anisu\.m2\repository\org\apache\maven\surefire\common-java5\3.0.0\common-java5-3.0.0.jar;C:\Users\Anisu\.m2\repository\org\junit\platform\junit-platform-launcher\1.9.2\junit-platform-launcher-1.9.2.jar"/>
    <property name="user.script" value=""/>
    <property name="sun.management.compiler" value="HotSpot 64-Bit Tiered Compilers"/>
    <property name="java.runtime.version" value="20.0.2+9-78"/>
    <property name="user.name" value="Anisu"/>
    <property name="stdout.encoding" value="Cp1252"/>
    <property name="path.separator" value=";"/>
    <property name="os.version" value="10.0"/>
    <property name="java.runtime.name" value="Java(TM) SE Runtime Environment"/>
    <property name="file.encoding" value="UTF-8"/>
    <property name="java.vm.name" value="Java HotSpot(TM) 64-Bit Server VM"/>
    <property name="localRepository" value="C:\Users\Anisu\.m2\repository"/>
    <property name="java.vendor.url.bug" value="https://bugreport.java.com/bugreport/"/>
    <property name="java.io.tmpdir" value="C:\Users\Anisu\AppData\Local\Temp\"/>
    <property name="java.version" value="20.0.2"/>
    <property name="user.dir" value="F:\Tampere\First\Java_final\group3158\WeatherApp"/>
    <property name="os.arch" value="amd64"/>
    <property name="java.vm.specification.name" value="Java Virtual Machine Specification"/>
    <property name="sun.os.patch.level" value=""/>
    <property name="native.encoding" value="Cp1252"/>
    <property name="java.library.path" value="C:\Program Files\Java\jdk-20\bin;C:\Windows\Sun\Java\bin;C:\Windows\system32;C:\Windows;C:\Python312\Scripts\;C:\Python312\;C:\Program Files\Common Files\Oracle\Java\javapath;C:\Program Files\Python310\Scripts\;C:\Program Files\Python310\;C:\Windows\system32;C:\Windows;C:\Windows\System32;C:\Windows\System32\WindowsPowerShell\v1.0\;C:\Windows\System32\OpenSSH\;C:\ProgramData\chocolatey\bin;C:\Program Files\Git\cmd;C:\MinGW\bin;C:\MinGW\msys\1.0\bin;C:\Program Files\Java\jdk-20\bin;C:\Program Files\Amazon\AWSCLIV2\;C:\Program Files\nodejs\;C:\Users\Anisu\AppData\Local\Microsoft\WindowsApps;C:\Microsoft VS Code\bin;C:\apache-maven-3.9.4-bin\apache-maven-3.9.4\bin;C:\Users\Anisu\AppData\Roaming\npm;."/>
    <property name="java.vm.info" value="mixed mode"/>
    <property name="stderr.encoding" value="Cp1252"/>
    <property name="java.vendor" value="Oracle Corporation"/>
    <property name="java.vm.version" value="20.0.2+9-78"/>
    <property name="sun.io.unicode.encoding" value="UnicodeLittle"/>
    <property name="java.class.version" value="64.0"/>
  </properties>
  <testcase name="testEqualityWeatherItem" classname="fi.tuni.prog3.weatherapp.WeatherTest" time="0.028"/>
  <testcase name="testModerateAirQuality" classname="fi.tuni.prog3.weatherapp.WeatherTest" time="0.603">
    <system-out><![CDATA[{"coord":{"lon":0,"lat":0},"list":[{"main":{"aqi":1},"components":{"co":317.1,"no":0,"no2":0.07,"o3":19.49,"so2":0.03,"pm2_5":1.33,"pm10":2.07,"nh3":0.01},"dt":1702001348}]}
]]></system-out>
  </testcase>
  <testcase name="testGetHourlyForecast" classname="fi.tuni.prog3.weatherapp.WeatherTest" time="0.129"/>
  <testcase name="testFetchCurrentTemperature" classname="fi.tuni.prog3.weatherapp.WeatherTest" time="0.049"/>
  <testcase name="testGetterAndSetterMethodsWeatherHistoryEntry" classname="fi.tuni.prog3.weatherapp.WeatherTest" time="0.002"/>
  <testcase name="testSetterAndGetterMethods" classname="fi.tuni.prog3.weatherapp.WeatherTest" time="0.002"/>
  <testcase name="testGetterAndSetterMethodsWeatherItem" classname="fi.tuni.prog3.weatherapp.WeatherTest" time="0.001"/>
  <testcase name="testGetDailyForecast" classname="fi.tuni.prog3.weatherapp.WeatherTest" time="0.415">
    <system-out><![CDATA[{"cod":"200","message":0,"cnt":40,"list":[{"dt":1702004400,"main":{"temp":266.87,"feels_like":260.86,"temp_min":266.87,"temp_max":267.6,"pressure":1031,"sea_level":1031,"grnd_level":1017,"humidity":92,"temp_kf":-0.73},"weather":[{"id":800,"main":"Clear","description":"clear sky","icon":"01n"}],"clouds":{"all":0},"wind":{"speed":4.36,"deg":129,"gust":11.39},"visibility":3748,"pop":0,"sys":{"pod":"n"},"dt_txt":"2023-12-08 03:00:00"},{"dt":1702015200,"main":{"temp":267.18,"feels_like":261.02,"temp_min":267.18,"temp_max":267.81,"pressure":1031,"sea_level":1031,"grnd_level":1016,"humidity":91,"temp_kf":-0.63},"weather":[{"id":802,"main":"Clouds","description":"scattered clouds","icon":"03n"}],"clouds":{"all":33},"wind":{"speed":4.65,"deg":130,"gust":11.67},"visibility":7150,"pop":0,"sys":{"pod":"n"},"dt_txt":"2023-12-08 06:00:00"},{"dt":1702026000,"main":{"temp":267.44,"feels_like":261.69,"temp_min":267.44,"temp_max":267.72,"pressure":1031,"sea_level":1031,"grnd_level":1017,"humidity":91,"temp_kf":-0.28},"weather":[{"id":803,"main":"Clouds","description":"broken clouds","icon":"04d"}],"clouds":{"all":67},"wind":{"speed":4.2,"deg":129,"gust":10.67},"visibility":1046,"pop":0,"sys":{"pod":"d"},"dt_txt":"2023-12-08 09:00:00"},{"dt":1702036800,"main":{"temp":267.59,"feels_like":261.95,"temp_min":267.59,"temp_max":267.59,"pressure":1030,"sea_level":1030,"grnd_level":1016,"humidity":91,"temp_kf":0},"weather":[{"id":600,"main":"Snow","description":"light snow","icon":"13d"}],"clouds":{"all":100},"wind":{"speed":4.1,"deg":121,"gust":9.97},"visibility":2549,"pop":0.2,"snow":{"3h":0.12},"sys":{"pod":"d"},"dt_txt":"2023-12-08 12:00:00"},{"dt":1702047600,"main":{"temp":265.89,"feels_like":260.62,"temp_min":265.89,"temp_max":265.89,"pressure":1030,"sea_level":1030,"grnd_level":1016,"humidity":95,"temp_kf":0},"weather":[{"id":804,"main":"Clouds","description":"overcast clouds","icon":"04n"}],"clouds":{"all":100},"wind":{"speed":3.29,"deg":111,"gust":9.4},"visibility":976,"pop":0,"sys":{"pod":"n"},"dt_txt":"2023-12-08 15:00:00"},{"dt":1702058400,"main":{"temp":264.31,"feels_like":258.57,"temp_min":264.31,"temp_max":264.31,"pressure":1030,"sea_level":1030,"grnd_level":1016,"humidity":95,"temp_kf":0},"weather":[{"id":600,"main":"Snow","description":"light snow","icon":"13n"}],"clouds":{"all":100},"wind":{"speed":3.42,"deg":101,"gust":9.29},"visibility":1335,"pop":0.2,"snow":{"3h":0.17},"sys":{"pod":"n"},"dt_txt":"2023-12-08 18:00:00"},{"dt":1702069200,"main":{"temp":262.6,"feels_like":256.99,"temp_min":262.6,"temp_max":262.6,"pressure":1030,"sea_level":1030,"grnd_level":1016,"humidity":96,"temp_kf":0},"weather":[{"id":804,"main":"Clouds","description":"overcast clouds","icon":"04n"}],"clouds":{"all":100},"wind":{"speed":2.99,"deg":100,"gust":8.51},"visibility":2498,"pop":0,"sys":{"pod":"n"},"dt_txt":"2023-12-08 21:00:00"},{"dt":1702080000,"main":{"temp":262.29,"feels_like":256.5,"temp_min":262.29,"temp_max":262.29,"pressure":1029,"sea_level":1029,"grnd_level":1015,"humidity":96,"temp_kf":0},"weather":[{"id":804,"main":"Clouds","description":"overcast clouds","icon":"04n"}],"clouds":{"all":99},"wind":{"speed":3.09,"deg":100,"gust":8.94},"visibility":2397,"pop":0,"sys":{"pod":"n"},"dt_txt":"2023-12-09 00:00:00"},{"dt":1702090800,"main":{"temp":261.67,"feels_like":256,"temp_min":261.67,"temp_max":261.67,"pressure":1029,"sea_level":1029,"grnd_level":1015,"humidity":97,"temp_kf":0},"weather":[{"id":804,"main":"Clouds","description":"overcast clouds","icon":"04n"}],"clouds":{"all":100},"wind":{"speed":2.89,"deg":104,"gust":9.07},"visibility":1338,"pop":0,"sys":{"pod":"n"},"dt_txt":"2023-12-09 03:00:00"},{"dt":1702101600,"main":{"temp":262.64,"feels_like":256.74,"temp_min":262.64,"temp_max":262.64,"pressure":1028,"sea_level":1028,"grnd_level":1013,"humidity":96,"temp_kf":0},"weather":[{"id":804,"main":"Clouds","description":"overcast clouds","icon":"04n"}],"clouds":{"all":100},"wind":{"speed":3.24,"deg":104,"gust":9.86},"visibility":1637,"pop":0,"sys":{"pod":"n"},"dt_txt":"2023-12-09 06:00:00"},{"dt":1702112400,"main":{"temp":263.88,"feels_like":257.88,"temp_min":263.88,"temp_max":263.88,"pressure":1027,"sea_level":1027,"grnd_level":1012,"humidity":94,"temp_kf":0},"weather":[{"id":804,"main":"Clouds","description":"overcast clouds","icon":"04d"}],"clouds":{"all":100},"wind":{"speed":3.58,"deg":106,"gust":10.97},"visibility":3717,"pop":0,"sys":{"pod":"d"},"dt_txt":"2023-12-09 09:00:00"},{"dt":1702123200,"main":{"temp":264.97,"feels_like":258.91,"temp_min":264.97,"temp_max":264.97,"pressure":1025,"sea_level":1025,"grnd_level":1011,"humidity":93,"temp_kf":0},"weather":[{"id":804,"main":"Clouds","description":"overcast clouds","icon":"04d"}],"clouds":{"all":100},"wind":{"speed":3.9,"deg":106,"gust":10.63},"visibility":1619,"pop":0,"sys":{"pod":"d"},"dt_txt":"2023-12-09 12:00:00"},{"dt":1702134000,"main":{"temp":265.39,"feels_like":259.25,"temp_min":265.39,"temp_max":265.39,"pressure":1023,"sea_level":1023,"grnd_level":1009,"humidity":93,"temp_kf":0},"weather":[{"id":600,"main":"Snow","description":"light snow","icon":"13n"}],"clouds":{"all":100},"wind":{"speed":4.1,"deg":108,"gust":11.27},"visibility":951,"pop":0.2,"snow":{"3h":0.12},"sys":{"pod":"n"},"dt_txt":"2023-12-09 15:00:00"},{"dt":1702144800,"main":{"temp":266.77,"feels_like":260.62,"temp_min":266.77,"temp_max":266.77,"pressure":1021,"sea_level":1021,"grnd_level":1007,"humidity":92,"temp_kf":0},"weather":[{"id":600,"main":"Snow","description":"light snow","icon":"13n"}],"clouds":{"all":100},"wind":{"speed":4.5,"deg":119,"gust":11.88},"visibility":1221,"pop":0.2,"snow":{"3h":0.12},"sys":{"pod":"n"},"dt_txt":"2023-12-09 18:00:00"},{"dt":1702155600,"main":{"temp":267.29,"feels_like":261.26,"temp_min":267.29,"temp_max":267.29,"pressure":1019,"sea_level":1019,"grnd_level":1005,"humidity":94,"temp_kf":0},"weather":[{"id":600,"main":"Snow","description":"light snow","icon":"13n"}],"clouds":{"all":100},"wind":{"speed":4.51,"deg":119,"gust":12.09},"visibility":152,"pop":0.54,"snow":{"3h":0.43},"sys":{"pod":"n"},"dt_txt":"2023-12-09 21:00:00"},{"dt":1702166400,"main":{"temp":267.67,"feels_like":261.71,"temp_min":267.67,"temp_max":267.67,"pressure":1017,"sea_level":1017,"grnd_level":1004,"humidity":95,"temp_kf":0},"weather":[{"id":600,"main":"Snow","description":"light snow","icon":"13n"}],"clouds":{"all":100},"wind":{"speed":4.54,"deg":118,"gust":11.81},"visibility":158,"pop":0.91,"snow":{"3h":1.06},"sys":{"pod":"n"},"dt_txt":"2023-12-10 00:00:00"},{"dt":1702177200,"main":{"temp":267.81,"feels_like":262.03,"temp_min":267.81,"temp_max":267.81,"pressure":1016,"sea_level":1016,"grnd_level":1002,"humidity":94,"temp_kf":0},"weather":[{"id":600,"main":"Snow","description":"light snow","icon":"13n"}],"clouds":{"all":100},"wind":{"speed":4.34,"deg":122,"gust":11.33},"visibility":221,"pop":0.67,"snow":{"3h":0.69},"sys":{"pod":"n"},"dt_txt":"2023-12-10 03:00:00"},{"dt":1702188000,"main":{"temp":268.14,"feels_like":262.7,"temp_min":268.14,"temp_max":268.14,"pressure":1016,"sea_level":1016,"grnd_level":1002,"humidity":95,"temp_kf":0},"weather":[{"id":600,"main":"Snow","description":"light snow","icon":"13n"}],"clouds":{"all":100},"wind":{"speed":4.02,"deg":123,"gust":10.61},"visibility":188,"pop":0.96,"snow":{"3h":0.69},"sys":{"pod":"n"},"dt_txt":"2023-12-10 06:00:00"},{"dt":1702198800,"main":{"temp":268.6,"feels_like":263.55,"temp_min":268.6,"temp_max":268.6,"pressure":1016,"sea_level":1016,"grnd_level":1002,"humidity":95,"temp_kf":0},"weather":[{"id":600,"main":"Snow","description":"light snow","icon":"13d"}],"clouds":{"all":100},"wind":{"speed":3.67,"deg":127,"gust":9.53},"visibility":212,"pop":1,"snow":{"3h":0.71},"sys":{"pod":"d"},"dt_txt":"2023-12-10 09:00:00"},{"dt":1702209600,"main":{"temp":268.8,"feels_like":264.14,"temp_min":268.8,"temp_max":268.8,"pressure":1016,"sea_level":1016,"grnd_level":1002,"humidity":95,"temp_kf":0},"weather":[{"id":600,"main":"Snow","description":"light snow","icon":"13d"}],"clouds":{"all":100},"wind":{"speed":3.29,"deg":132,"gust":8.71},"visibility":770,"pop":1,"snow":{"3h":0.51},"sys":{"pod":"d"},"dt_txt":"2023-12-10 12:00:00"},{"dt":1702220400,"main":{"temp":267.74,"feels_like":263.21,"temp_min":267.74,"temp_max":267.74,"pressure":1016,"sea_level":1016,"grnd_level":1003,"humidity":96,"temp_kf":0},"weather":[{"id":804,"main":"Clouds","description":"overcast clouds","icon":"04n"}],"clouds":{"all":100},"wind":{"speed":2.94,"deg":133,"gust":8.44},"visibility":5033,"pop":0,"sys":{"pod":"n"},"dt_txt":"2023-12-10 15:00:00"},{"dt":1702231200,"main":{"temp":267.29,"feels_like":262.68,"temp_min":267.29,"temp_max":267.29,"pressure":1017,"sea_level":1017,"grnd_level":1003,"humidity":96,"temp_kf":0},"weather":[{"id":804,"main":"Clouds","description":"overcast clouds","icon":"04n"}],"clouds":{"all":100},"wind":{"speed":2.94,"deg":138,"gust":8.75},"visibility":3404,"pop":0,"sys":{"pod":"n"},"dt_txt":"2023-12-10 18:00:00"},{"dt":1702242000,"main":{"temp":267.13,"feels_like":262.35,"temp_min":267.13,"temp_max":267.13,"pressure":1016,"sea_level":1016,"grnd_level":1003,"humidity":96,"temp_kf":0},"weather":[{"id":804,"main":"Clouds","description":"overcast clouds","icon":"04n"}],"clouds":{"all":96},"wind":{"speed":3.06,"deg":133,"gust":8.6},"visibility":1905,"pop":0,"sys":{"pod":"n"},"dt_txt":"2023-12-10 21:00:00"},{"dt":1702252800,"main":{"temp":265.29,"feels_like":260.45,"temp_min":265.29,"temp_max":265.29,"pressure":1016,"sea_level":1016,"grnd_level":1002,"humidity":97,"temp_kf":0},"weather":[{"id":804,"main":"Clouds","description":"overcast clouds","icon":"04n"}],"clouds":{"all":97},"wind":{"speed":2.79,"deg":120,"gust":8.7},"visibility":2640,"pop":0,"sys":{"pod":"n"},"dt_txt":"2023-12-11 00:00:00"},{"dt":1702263600,"main":{"temp":265.7,"feels_like":260.86,"temp_min":265.7,"temp_max":265.7,"pressure":1015,"sea_level":1015,"grnd_level":1001,"humidity":97,"temp_kf":0},"weather":[{"id":804,"main":"Clouds","description":"overcast clouds","icon":"04n"}],"clouds":{"all":100},"wind":{"speed":2.86,"deg":108,"gust":9.08},"visibility":5544,"pop":0,"sys":{"pod":"n"},"dt_txt":"2023-12-11 03:00:00"},{"dt":1702274400,"main":{"temp":267.05,"feels_like":262.06,"temp_min":267.05,"temp_max":267.05,"pressure":1013,"sea_level":1013,"grnd_level":1000,"humidity":95,"temp_kf":0},"weather":[{"id":804,"main":"Clouds","description":"overcast clouds","icon":"04n"}],"clouds":{"all":100},"wind":{"speed":3.25,"deg":111,"gust":9.49},"visibility":3763,"pop":0,"sys":{"pod":"n"},"dt_txt":"2023-12-11 06:00:00"},{"dt":1702285200,"main":{"temp":267.68,"feels_like":262.79,"temp_min":267.68,"temp_max":267.68,"pressure":1013,"sea_level":1013,"grnd_level":999,"humidity":95,"temp_kf":0},"weather":[{"id":804,"main":"Clouds","description":"overcast clouds","icon":"04d"}],"clouds":{"all":100},"wind":{"speed":3.28,"deg":90,"gust":9.4},"visibility":769,"pop":0,"sys":{"pod":"d"},"dt_txt":"2023-12-11 09:00:00"},{"dt":1702296000,"main":{"temp":267.8,"feels_like":262.36,"temp_min":267.8,"temp_max":267.8,"pressure":1012,"sea_level":1012,"grnd_level":998,"humidity":94,"temp_kf":0},"weather":[{"id":600,"main":"Snow","description":"light snow","icon":"13d"}],"clouds":{"all":100},"wind":{"speed":3.92,"deg":86,"gust":9.92},"visibility":6445,"pop":0.2,"snow":{"3h":0.13},"sys":{"pod":"d"},"dt_txt":"2023-12-11 12:00:00"},{"dt":1702306800,"main":{"temp":268,"feels_like":262.66,"temp_min":268,"temp_max":268,"pressure":1011,"sea_level":1011,"grnd_level":997,"humidity":95,"temp_kf":0},"weather":[{"id":600,"main":"Snow","description":"light snow","icon":"13n"}],"clouds":{"all":100},"wind":{"speed":3.86,"deg":80,"gust":10.22},"visibility":236,"pop":0.73,"snow":{"3h":0.44},"sys":{"pod":"n"},"dt_txt":"2023-12-11 15:00:00"},{"dt":1702317600,"main":{"temp":268.18,"feels_like":263.05,"temp_min":268.18,"temp_max":268.18,"pressure":1010,"sea_level":1010,"grnd_level":997,"humidity":95,"temp_kf":0},"weather":[{"id":600,"main":"Snow","description":"light snow","icon":"13n"}],"clouds":{"all":100},"wind":{"speed":3.66,"deg":76,"gust":9.53},"visibility":243,"pop":0.74,"snow":{"3h":0.41},"sys":{"pod":"n"},"dt_txt":"2023-12-11 18:00:00"},{"dt":1702328400,"main":{"temp":268.87,"feels_like":264.15,"temp_min":268.87,"temp_max":268.87,"pressure":1010,"sea_level":1010,"grnd_level":997,"humidity":96,"temp_kf":0},"weather":[{"id":600,"main":"Snow","description":"light snow","icon":"13n"}],"clouds":{"all":100},"wind":{"speed":3.37,"deg":71,"gust":8.84},"visibility":139,"pop":0.97,"snow":{"3h":0.96},"sys":{"pod":"n"},"dt_txt":"2023-12-11 21:00:00"},{"dt":1702339200,"main":{"temp":269.58,"feels_like":265.12,"temp_min":269.58,"temp_max":269.58,"pressure":1010,"sea_level":1010,"grnd_level":996,"humidity":96,"temp_kf":0},"weather":[{"id":600,"main":"Snow","description":"light snow","icon":"13n"}],"clouds":{"all":100},"wind":{"speed":3.25,"deg":74,"gust":8.42},"visibility":152,"pop":1,"snow":{"3h":1.13},"sys":{"pod":"n"},"dt_txt":"2023-12-12 00:00:00"},{"dt":1702350000,"main":{"temp":270.07,"feels_like":265.98,"temp_min":270.07,"temp_max":270.07,"pressure":1010,"sea_level":1010,"grnd_level":996,"humidity":97,"temp_kf":0},"weather":[{"id":600,"main":"Snow","description":"light snow","icon":"13n"}],"clouds":{"all":100},"wind":{"speed":2.97,"deg":77,"gust":7.63},"visibility":197,"pop":1,"snow":{"3h":0.75},"sys":{"pod":"n"},"dt_txt":"2023-12-12 03:00:00"},{"dt":1702360800,"main":{"temp":269.8,"feels_like":265.96,"temp_min":269.8,"temp_max":269.8,"pressure":1011,"sea_level":1011,"grnd_level":997,"humidity":97,"temp_kf":0},"weather":[{"id":600,"main":"Snow","description":"light snow","icon":"13n"}],"clouds":{"all":100},"wind":{"speed":2.68,"deg":76,"gust":6.62},"visibility":259,"pop":1,"snow":{"3h":0.56},"sys":{"pod":"n"},"dt_txt":"2023-12-12 06:00:00"},{"dt":1702371600,"main":{"temp":269.39,"feels_like":265.79,"temp_min":269.39,"temp_max":269.39,"pressure":1012,"sea_level":1012,"grnd_level":998,"humidity":96,"temp_kf":0},"weather":[{"id":600,"main":"Snow","description":"light snow","icon":"13d"}],"clouds":{"all":100},"wind":{"speed":2.4,"deg":77,"gust":5.92},"visibility":390,"pop":0.89,"snow":{"3h":0.38},"sys":{"pod":"d"},"dt_txt":"2023-12-12 09:00:00"},{"dt":1702382400,"main":{"temp":269.36,"feels_like":265.94,"temp_min":269.36,"temp_max":269.36,"pressure":1012,"sea_level":1012,"grnd_level":998,"humidity":97,"temp_kf":0},"weather":[{"id":600,"main":"Snow","description":"light snow","icon":"13d"}],"clouds":{"all":100},"wind":{"speed":2.25,"deg":73,"gust":5.39},"visibility":540,"pop":0.64,"snow":{"3h":0.38},"sys":{"pod":"d"},"dt_txt":"2023-12-12 12:00:00"},{"dt":1702393200,"main":{"temp":268.24,"feels_like":264.89,"temp_min":268.24,"temp_max":268.24,"pressure":1013,"sea_level":1013,"grnd_level":999,"humidity":97,"temp_kf":0},"weather":[{"id":600,"main":"Snow","description":"light snow","icon":"13n"}],"clouds":{"all":100},"wind":{"speed":2.06,"deg":67,"gust":5.21},"visibility":693,"pop":0.2,"snow":{"3h":0.12},"sys":{"pod":"n"},"dt_txt":"2023-12-12 15:00:00"},{"dt":1702404000,"main":{"temp":267.59,"feels_like":264.25,"temp_min":267.59,"temp_max":267.59,"pressure":1014,"sea_level":1014,"grnd_level":1000,"humidity":97,"temp_kf":0},"weather":[{"id":600,"main":"Snow","description":"light snow","icon":"13n"}],"clouds":{"all":100},"wind":{"speed":1.98,"deg":66,"gust":5.31},"visibility":382,"pop":0.2,"snow":{"3h":0.24},"sys":{"pod":"n"},"dt_txt":"2023-12-12 18:00:00"},{"dt":1702414800,"main":{"temp":266.19,"feels_like":262.93,"temp_min":266.19,"temp_max":266.19,"pressure":1014,"sea_level":1014,"grnd_level":1000,"humidity":98,"temp_kf":0},"weather":[{"id":600,"main":"Snow","description":"light snow","icon":"13n"}],"clouds":{"all":97},"wind":{"speed":1.79,"deg":59,"gust":5.07},"visibility":4241,"pop":0.2,"snow":{"3h":0.13},"sys":{"pod":"n"},"dt_txt":"2023-12-12 21:00:00"},{"dt":1702425600,"main":{"temp":264.92,"feels_like":261.73,"temp_min":264.92,"temp_max":264.92,"pressure":1015,"sea_level":1015,"grnd_level":1001,"humidity":98,"temp_kf":0},"weather":[{"id":804,"main":"Clouds","description":"overcast clouds","icon":"04n"}],"clouds":{"all":96},"wind":{"speed":1.64,"deg":52,"gust":4.4},"visibility":782,"pop":0,"sys":{"pod":"n"},"dt_txt":"2023-12-13 00:00:00"}],"city":{"id":634963,"name":"Tampere","coord":{"lat":61.4991,"lon":23.7871},"country":"FI","population":0,"timezone":7200,"sunrise":1702020387,"sunset":1702040817}}
]]></system-out>
  </testcase>
  <testcase name="testWeatherItemSetters" classname="fi.tuni.prog3.weatherapp.WeatherTest" time="0.001"/>
  <testcase name="testConstructorWithValidValues" classname="fi.tuni.prog3.weatherapp.WeatherTest" time="0.001"/>
  <testcase name="testUpdateCityNameWeatherApp" classname="fi.tuni.prog3.weatherapp.WeatherTest" time="0.001"/>
  <testcase name="testDefaultConstructor2" classname="fi.tuni.prog3.weatherapp.WeatherTest" time="0.002"/>
  <testcase name="testDefaultConstructor4" classname="fi.tuni.prog3.weatherapp.WeatherTest" time="0.001"/>
  <testcase name="testGoodAirQuality" classname="fi.tuni.prog3.weatherapp.WeatherTest" time="0.043">
    <system-out><![CDATA[{"coord":{"lon":0,"lat":0},"list":[{"main":{"aqi":1},"components":{"co":317.1,"no":0,"no2":0.07,"o3":19.49,"so2":0.03,"pm2_5":1.33,"pm10":2.07,"nh3":0.01},"dt":1702001348}]}
]]></system-out>
  </testcase>
  <testcase name="testWeatherItemConstructorAndGetters" classname="fi.tuni.prog3.weatherapp.WeatherTest" time="0.001"/>
  <testcase name="testFetchWeatherData" classname="fi.tuni.prog3.weatherapp.WeatherTest" time="0.035"/>
  <testcase name="testDefaultConstructorWeatherHistoryEntry" classname="fi.tuni.prog3.weatherapp.WeatherTest" time="0.001"/>
  <testcase name="testNullValues" classname="fi.tuni.prog3.weatherapp.WeatherTest" time="0.001"/>
  <testcase name="testDefaultConstructorWeatherItem" classname="fi.tuni.prog3.weatherapp.WeatherTest" time="0.001"/>
  <testcase name="testEquality2" classname="fi.tuni.prog3.weatherapp.WeatherTest" time="0.001"/>
  <testcase name="testEquality3" classname="fi.tuni.prog3.weatherapp.WeatherTest" time="0.003"/>
  <testcase name="testGetterAndSetterMethods2" classname="fi.tuni.prog3.weatherapp.WeatherTest" time="0.001"/>
  <testcase name="testGetterAndSetterMethods3" classname="fi.tuni.prog3.weatherapp.WeatherTest" time="0.001"/>
  <testcase name="testLookUpLocation" classname="fi.tuni.prog3.weatherapp.WeatherTest" time="0.001"/>
  <testcase name="testUnhealthyForSensitiveGroups" classname="fi.tuni.prog3.weatherapp.WeatherTest" time="0.041">
    <system-out><![CDATA[{"coord":{"lon":0,"lat":0},"list":[{"main":{"aqi":1},"components":{"co":317.1,"no":0,"no2":0.07,"o3":19.49,"so2":0.03,"pm2_5":1.33,"pm10":2.07,"nh3":0.01},"dt":1702001348}]}
]]></system-out>
  </testcase>
  <testcase name="testGetForecast" classname="fi.tuni.prog3.weatherapp.WeatherTest" time="0.001"/>
</testsuite>